<?xml version="1.0" encoding="UTF-8"?>
<!-- Generated by org.testng.reporters.JUnitReportReporter -->
<testsuite hostname="SwetasLP" failures="0" tests="1" name="test.com.LoginTest" time="9.500" errors="0" timestamp="24 May 2023 21:18:39 GMT">
  <testcase classname="test.com.LoginTest" name="testUsernameTestCase" time="9.500"/>
</testsuite> <!-- test.com.LoginTest -->
